2024-11-09T00:17:37.805+03:00  INFO 19736 --- [main] ru.clevertec.NewsServiceApplication      : Starting NewsServiceApplication using Java 21.0.2 with PID 19736 (C:\Users\youngliqui\IdeaProjects\news-management-system\news-service\build\classes\java\main started by youngliqui in C:\Users\youngliqui\IdeaProjects\news-management-system)
2024-11-09T00:17:37.831+03:00  INFO 19736 --- [main] ru.clevertec.NewsServiceApplication      : The following 1 profile is active: "dev"
2024-11-09T00:17:38.764+03:00  INFO 19736 --- [main] .s.d.r.c.RepositoryConfigurationDelegate : Bootstrapping Spring Data JPA repositories in DEFAULT mode.
2024-11-09T00:17:38.874+03:00  INFO 19736 --- [main] .s.d.r.c.RepositoryConfigurationDelegate : Finished Spring Data repository scanning in 92 ms. Found 2 JPA repository interfaces.
2024-11-09T00:17:39.840+03:00  INFO 19736 --- [main] o.s.b.w.embedded.tomcat.TomcatWebServer  : Tomcat initialized with port 8081 (http)
2024-11-09T00:17:39.859+03:00  INFO 19736 --- [main] o.apache.catalina.core.StandardService   : Starting service [Tomcat]
2024-11-09T00:17:39.859+03:00  INFO 19736 --- [main] o.apache.catalina.core.StandardEngine    : Starting Servlet engine: [Apache Tomcat/10.1.31]
2024-11-09T00:17:39.923+03:00  INFO 19736 --- [main] o.a.c.c.C.[Tomcat].[localhost].[/]       : Initializing Spring embedded WebApplicationContext
2024-11-09T00:17:39.923+03:00  INFO 19736 --- [main] w.s.c.ServletWebServerApplicationContext : Root WebApplicationContext: initialization completed in 2018 ms
2024-11-09T00:17:40.121+03:00  INFO 19736 --- [main] com.zaxxer.hikari.HikariDataSource       : HikariPool-1 - Starting...
2024-11-09T00:17:40.782+03:00  INFO 19736 --- [main] com.zaxxer.hikari.pool.HikariPool        : HikariPool-1 - Added connection org.postgresql.jdbc.PgConnection@44dd0d38
2024-11-09T00:17:40.785+03:00  INFO 19736 --- [main] com.zaxxer.hikari.HikariDataSource       : HikariPool-1 - Start completed.
2024-11-09T00:17:41.138+03:00  INFO 19736 --- [main] liquibase.database                       : Set default schema name to public
2024-11-09T00:17:41.485+03:00  INFO 19736 --- [main] liquibase.changelog                      : Reading resource: db/changelog/migrations/v1.0_create-entity-tables.sql
2024-11-09T00:17:41.496+03:00  INFO 19736 --- [main] liquibase.changelog                      : Reading resource: db/changelog/migrations/v1.1_add_news_and_comments.sql
2024-11-09T00:17:41.499+03:00  INFO 19736 --- [main] liquibase.changelog                      : Reading resource: db/changelog/migrations/v1.2_add_indexes.sql
2024-11-09T00:17:41.763+03:00  INFO 19736 --- [main] liquibase.changelog                      : Creating database history table with name: public.databasechangelog
2024-11-09T00:17:42.346+03:00  INFO 19736 --- [main] liquibase.changelog                      : Reading from public.databasechangelog
2024-11-09T00:17:44.588+03:00  INFO 19736 --- [main] liquibase.lockservice                    : Successfully acquired change log lock
2024-11-09T00:17:44.591+03:00  INFO 19736 --- [main] liquibase.command                        : Using deploymentId: 1100664590
2024-11-09T00:17:44.594+03:00  INFO 19736 --- [main] liquibase.changelog                      : Reading from public.databasechangelog
2024-11-09T00:17:44.607+03:00  INFO 19736 --- [main] liquibase.ui                             : Running Changeset: db/changelog/migrations/v1.0_create-entity-tables.sql::1::youngliqui
2024-11-09T00:17:45.138+03:00  INFO 19736 --- [main] liquibase.changelog                      : Custom SQL executed
2024-11-09T00:17:45.272+03:00  INFO 19736 --- [main] liquibase.changelog                      : ChangeSet db/changelog/migrations/v1.0_create-entity-tables.sql::1::youngliqui ran successfully in 664ms
2024-11-09T00:17:45.287+03:00  INFO 19736 --- [main] liquibase.ui                             : Running Changeset: db/changelog/migrations/v1.1_add_news_and_comments.sql::raw::includeAll
2024-11-09T00:17:45.701+03:00  INFO 19736 --- [main] liquibase.changelog                      : Custom SQL executed
2024-11-09T00:17:45.963+03:00  INFO 19736 --- [main] liquibase.changelog                      : ChangeSet db/changelog/migrations/v1.1_add_news_and_comments.sql::raw::includeAll ran successfully in 675ms
2024-11-09T00:17:46.012+03:00  INFO 19736 --- [main] liquibase.ui                             : Running Changeset: db/changelog/migrations/v1.2_add_indexes.sql::raw::includeAll
2024-11-09T00:17:46.265+03:00  INFO 19736 --- [main] liquibase.changelog                      : Custom SQL executed
2024-11-09T00:17:46.367+03:00  INFO 19736 --- [main] liquibase.changelog                      : ChangeSet db/changelog/migrations/v1.2_add_indexes.sql::raw::includeAll ran successfully in 353ms
2024-11-09T00:17:46.378+03:00  INFO 19736 --- [main] liquibase.util                           : UPDATE SUMMARY
2024-11-09T00:17:46.379+03:00  INFO 19736 --- [main] liquibase.util                           : Run:                          3
2024-11-09T00:17:46.379+03:00  INFO 19736 --- [main] liquibase.util                           : Previously run:               0
2024-11-09T00:17:46.379+03:00  INFO 19736 --- [main] liquibase.util                           : Filtered out:                 0
2024-11-09T00:17:46.379+03:00  INFO 19736 --- [main] liquibase.util                           : -------------------------------
2024-11-09T00:17:46.379+03:00  INFO 19736 --- [main] liquibase.util                           : Total change sets:            3
2024-11-09T00:17:46.380+03:00  INFO 19736 --- [main] liquibase.util                           : Update summary generated
2024-11-09T00:17:46.383+03:00  INFO 19736 --- [main] liquibase.command                        : Update command completed successfully.
2024-11-09T00:17:46.383+03:00  INFO 19736 --- [main] liquibase.ui                             : Liquibase: Update has been successful. Rows affected: 223
2024-11-09T00:17:46.390+03:00  INFO 19736 --- [main] liquibase.lockservice                    : Successfully released change log lock
2024-11-09T00:17:46.393+03:00  INFO 19736 --- [main] liquibase.command                        : Command execution complete
2024-11-09T00:17:46.534+03:00  INFO 19736 --- [main] o.hibernate.jpa.internal.util.LogHelper  : HHH000204: Processing PersistenceUnitInfo [name: default]
2024-11-09T00:17:46.623+03:00  INFO 19736 --- [main] org.hibernate.Version                    : HHH000412: Hibernate ORM core version 6.5.3.Final
2024-11-09T00:17:46.674+03:00  INFO 19736 --- [main] o.h.c.internal.RegionFactoryInitiator    : HHH000026: Second-level cache disabled
2024-11-09T00:17:47.126+03:00  INFO 19736 --- [main] o.s.o.j.p.SpringPersistenceUnitInfo      : No LoadTimeWeaver setup: ignoring JPA class transformer
2024-11-09T00:17:47.202+03:00  WARN 19736 --- [main] org.hibernate.orm.deprecation            : HHH90000025: PostgreSQLDialect does not need to be specified explicitly using 'hibernate.dialect' (remove the property setting and it will be selected by default)
2024-11-09T00:17:48.559+03:00  INFO 19736 --- [main] o.h.e.t.j.p.i.JtaPlatformInitiator       : HHH000489: No JTA platform available (set 'hibernate.transaction.jta.platform' to enable JTA platform integration)
2024-11-09T00:17:48.563+03:00  INFO 19736 --- [main] j.LocalContainerEntityManagerFactoryBean : Initialized JPA EntityManagerFactory for persistence unit 'default'
2024-11-09T00:17:49.060+03:00  INFO 19736 --- [main] o.s.d.j.r.query.QueryEnhancerFactory     : Hibernate is in classpath; If applicable, HQL parser will be used.
2024-11-09T00:17:49.380+03:00  WARN 19736 --- [main] JpaBaseConfiguration$JpaWebConfiguration : spring.jpa.open-in-view is enabled by default. Therefore, database queries may be performed during view rendering. Explicitly configure spring.jpa.open-in-view to disable this warning
2024-11-09T00:17:50.194+03:00  INFO 19736 --- [main] o.s.b.w.embedded.tomcat.TomcatWebServer  : Tomcat started on port 8081 (http) with context path '/'
2024-11-09T00:17:50.202+03:00  INFO 19736 --- [main] ru.clevertec.NewsServiceApplication      : Started NewsServiceApplication in 13.091 seconds (process running for 13.974)
2024-11-09T00:34:30.323+03:00  INFO 19736 --- [http-nio-8081-exec-1] o.a.c.c.C.[Tomcat].[localhost].[/]       : Initializing Spring DispatcherServlet 'dispatcherServlet'
2024-11-09T00:34:30.323+03:00  INFO 19736 --- [http-nio-8081-exec-1] o.s.web.servlet.DispatcherServlet        : Initializing Servlet 'dispatcherServlet'
2024-11-09T00:34:30.325+03:00  INFO 19736 --- [http-nio-8081-exec-1] o.s.web.servlet.DispatcherServlet        : Completed initialization in 1 ms
2024-11-09T00:34:30.369+03:00 ERROR 19736 --- [http-nio-8081-exec-1] r.c.a.exception.GlobalExceptionHandler   : An error occurred: No static resource .

org.springframework.web.servlet.resource.NoResourceFoundException: No static resource .
	at org.springframework.web.servlet.resource.ResourceHttpRequestHandler.handleRequest(ResourceHttpRequestHandler.java:585) ~[spring-webmvc-6.1.14.jar:6.1.14]
	at org.springframework.web.servlet.mvc.HttpRequestHandlerAdapter.handle(HttpRequestHandlerAdapter.java:52) ~[spring-webmvc-6.1.14.jar:6.1.14]
	at org.springframework.web.servlet.DispatcherServlet.doDispatch(DispatcherServlet.java:1089) ~[spring-webmvc-6.1.14.jar:6.1.14]
	at org.springframework.web.servlet.DispatcherServlet.doService(DispatcherServlet.java:979) ~[spring-webmvc-6.1.14.jar:6.1.14]
	at org.springframework.web.servlet.FrameworkServlet.processRequest(FrameworkServlet.java:1014) ~[spring-webmvc-6.1.14.jar:6.1.14]
	at org.springframework.web.servlet.FrameworkServlet.doGet(FrameworkServlet.java:903) ~[spring-webmvc-6.1.14.jar:6.1.14]
	at jakarta.servlet.http.HttpServlet.service(HttpServlet.java:564) ~[tomcat-embed-core-10.1.31.jar:6.0]
	at org.springframework.web.servlet.FrameworkServlet.service(FrameworkServlet.java:885) ~[spring-webmvc-6.1.14.jar:6.1.14]
	at jakarta.servlet.http.HttpServlet.service(HttpServlet.java:658) ~[tomcat-embed-core-10.1.31.jar:6.0]
	at org.apache.catalina.core.ApplicationFilterChain.internalDoFilter(ApplicationFilterChain.java:195) ~[tomcat-embed-core-10.1.31.jar:10.1.31]
	at org.apache.catalina.core.ApplicationFilterChain.doFilter(ApplicationFilterChain.java:140) ~[tomcat-embed-core-10.1.31.jar:10.1.31]
	at org.apache.tomcat.websocket.server.WsFilter.doFilter(WsFilter.java:51) ~[tomcat-embed-websocket-10.1.31.jar:10.1.31]
	at org.apache.catalina.core.ApplicationFilterChain.internalDoFilter(ApplicationFilterChain.java:164) ~[tomcat-embed-core-10.1.31.jar:10.1.31]
	at org.apache.catalina.core.ApplicationFilterChain.doFilter(ApplicationFilterChain.java:140) ~[tomcat-embed-core-10.1.31.jar:10.1.31]
	at org.springframework.web.filter.RequestContextFilter.doFilterInternal(RequestContextFilter.java:100) ~[spring-web-6.1.14.jar:6.1.14]
	at org.springframework.web.filter.OncePerRequestFilter.doFilter(OncePerRequestFilter.java:116) ~[spring-web-6.1.14.jar:6.1.14]
	at org.apache.catalina.core.ApplicationFilterChain.internalDoFilter(ApplicationFilterChain.java:164) ~[tomcat-embed-core-10.1.31.jar:10.1.31]
	at org.apache.catalina.core.ApplicationFilterChain.doFilter(ApplicationFilterChain.java:140) ~[tomcat-embed-core-10.1.31.jar:10.1.31]
	at org.springframework.web.filter.FormContentFilter.doFilterInternal(FormContentFilter.java:93) ~[spring-web-6.1.14.jar:6.1.14]
	at org.springframework.web.filter.OncePerRequestFilter.doFilter(OncePerRequestFilter.java:116) ~[spring-web-6.1.14.jar:6.1.14]
	at org.apache.catalina.core.ApplicationFilterChain.internalDoFilter(ApplicationFilterChain.java:164) ~[tomcat-embed-core-10.1.31.jar:10.1.31]
	at org.apache.catalina.core.ApplicationFilterChain.doFilter(ApplicationFilterChain.java:140) ~[tomcat-embed-core-10.1.31.jar:10.1.31]
	at org.springframework.web.filter.CharacterEncodingFilter.doFilterInternal(CharacterEncodingFilter.java:201) ~[spring-web-6.1.14.jar:6.1.14]
	at org.springframework.web.filter.OncePerRequestFilter.doFilter(OncePerRequestFilter.java:116) ~[spring-web-6.1.14.jar:6.1.14]
	at org.apache.catalina.core.ApplicationFilterChain.internalDoFilter(ApplicationFilterChain.java:164) ~[tomcat-embed-core-10.1.31.jar:10.1.31]
	at org.apache.catalina.core.ApplicationFilterChain.doFilter(ApplicationFilterChain.java:140) ~[tomcat-embed-core-10.1.31.jar:10.1.31]
	at org.apache.catalina.core.StandardWrapperValve.invoke(StandardWrapperValve.java:167) ~[tomcat-embed-core-10.1.31.jar:10.1.31]
	at org.apache.catalina.core.StandardContextValve.invoke(StandardContextValve.java:90) ~[tomcat-embed-core-10.1.31.jar:10.1.31]
	at org.apache.catalina.authenticator.AuthenticatorBase.invoke(AuthenticatorBase.java:483) ~[tomcat-embed-core-10.1.31.jar:10.1.31]
	at org.apache.catalina.core.StandardHostValve.invoke(StandardHostValve.java:115) ~[tomcat-embed-core-10.1.31.jar:10.1.31]
	at org.apache.catalina.valves.ErrorReportValve.invoke(ErrorReportValve.java:93) ~[tomcat-embed-core-10.1.31.jar:10.1.31]
	at org.apache.catalina.core.StandardEngineValve.invoke(StandardEngineValve.java:74) ~[tomcat-embed-core-10.1.31.jar:10.1.31]
	at org.apache.catalina.connector.CoyoteAdapter.service(CoyoteAdapter.java:344) ~[tomcat-embed-core-10.1.31.jar:10.1.31]
	at org.apache.coyote.http11.Http11Processor.service(Http11Processor.java:384) ~[tomcat-embed-core-10.1.31.jar:10.1.31]
	at org.apache.coyote.AbstractProcessorLight.process(AbstractProcessorLight.java:63) ~[tomcat-embed-core-10.1.31.jar:10.1.31]
	at org.apache.coyote.AbstractProtocol$ConnectionHandler.process(AbstractProtocol.java:905) ~[tomcat-embed-core-10.1.31.jar:10.1.31]
	at org.apache.tomcat.util.net.NioEndpoint$SocketProcessor.doRun(NioEndpoint.java:1741) ~[tomcat-embed-core-10.1.31.jar:10.1.31]
	at org.apache.tomcat.util.net.SocketProcessorBase.run(SocketProcessorBase.java:52) ~[tomcat-embed-core-10.1.31.jar:10.1.31]
	at org.apache.tomcat.util.threads.ThreadPoolExecutor.runWorker(ThreadPoolExecutor.java:1190) ~[tomcat-embed-core-10.1.31.jar:10.1.31]
	at org.apache.tomcat.util.threads.ThreadPoolExecutor$Worker.run(ThreadPoolExecutor.java:659) ~[tomcat-embed-core-10.1.31.jar:10.1.31]
	at org.apache.tomcat.util.threads.TaskThread$WrappingRunnable.run(TaskThread.java:63) ~[tomcat-embed-core-10.1.31.jar:10.1.31]
	at java.base/java.lang.Thread.run(Thread.java:1583) ~[na:na]

2024-11-09T00:34:30.435+03:00 ERROR 19736 --- [http-nio-8081-exec-2] r.c.a.exception.GlobalExceptionHandler   : An error occurred: No static resource favicon.ico.

org.springframework.web.servlet.resource.NoResourceFoundException: No static resource favicon.ico.
	at org.springframework.web.servlet.resource.ResourceHttpRequestHandler.handleRequest(ResourceHttpRequestHandler.java:585) ~[spring-webmvc-6.1.14.jar:6.1.14]
	at org.springframework.web.servlet.mvc.HttpRequestHandlerAdapter.handle(HttpRequestHandlerAdapter.java:52) ~[spring-webmvc-6.1.14.jar:6.1.14]
	at org.springframework.web.servlet.DispatcherServlet.doDispatch(DispatcherServlet.java:1089) ~[spring-webmvc-6.1.14.jar:6.1.14]
	at org.springframework.web.servlet.DispatcherServlet.doService(DispatcherServlet.java:979) ~[spring-webmvc-6.1.14.jar:6.1.14]
	at org.springframework.web.servlet.FrameworkServlet.processRequest(FrameworkServlet.java:1014) ~[spring-webmvc-6.1.14.jar:6.1.14]
	at org.springframework.web.servlet.FrameworkServlet.doGet(FrameworkServlet.java:903) ~[spring-webmvc-6.1.14.jar:6.1.14]
	at jakarta.servlet.http.HttpServlet.service(HttpServlet.java:564) ~[tomcat-embed-core-10.1.31.jar:6.0]
	at org.springframework.web.servlet.FrameworkServlet.service(FrameworkServlet.java:885) ~[spring-webmvc-6.1.14.jar:6.1.14]
	at jakarta.servlet.http.HttpServlet.service(HttpServlet.java:658) ~[tomcat-embed-core-10.1.31.jar:6.0]
	at org.apache.catalina.core.ApplicationFilterChain.internalDoFilter(ApplicationFilterChain.java:195) ~[tomcat-embed-core-10.1.31.jar:10.1.31]
	at org.apache.catalina.core.ApplicationFilterChain.doFilter(ApplicationFilterChain.java:140) ~[tomcat-embed-core-10.1.31.jar:10.1.31]
	at org.apache.tomcat.websocket.server.WsFilter.doFilter(WsFilter.java:51) ~[tomcat-embed-websocket-10.1.31.jar:10.1.31]
	at org.apache.catalina.core.ApplicationFilterChain.internalDoFilter(ApplicationFilterChain.java:164) ~[tomcat-embed-core-10.1.31.jar:10.1.31]
	at org.apache.catalina.core.ApplicationFilterChain.doFilter(ApplicationFilterChain.java:140) ~[tomcat-embed-core-10.1.31.jar:10.1.31]
	at org.springframework.web.filter.RequestContextFilter.doFilterInternal(RequestContextFilter.java:100) ~[spring-web-6.1.14.jar:6.1.14]
	at org.springframework.web.filter.OncePerRequestFilter.doFilter(OncePerRequestFilter.java:116) ~[spring-web-6.1.14.jar:6.1.14]
	at org.apache.catalina.core.ApplicationFilterChain.internalDoFilter(ApplicationFilterChain.java:164) ~[tomcat-embed-core-10.1.31.jar:10.1.31]
	at org.apache.catalina.core.ApplicationFilterChain.doFilter(ApplicationFilterChain.java:140) ~[tomcat-embed-core-10.1.31.jar:10.1.31]
	at org.springframework.web.filter.FormContentFilter.doFilterInternal(FormContentFilter.java:93) ~[spring-web-6.1.14.jar:6.1.14]
	at org.springframework.web.filter.OncePerRequestFilter.doFilter(OncePerRequestFilter.java:116) ~[spring-web-6.1.14.jar:6.1.14]
	at org.apache.catalina.core.ApplicationFilterChain.internalDoFilter(ApplicationFilterChain.java:164) ~[tomcat-embed-core-10.1.31.jar:10.1.31]
	at org.apache.catalina.core.ApplicationFilterChain.doFilter(ApplicationFilterChain.java:140) ~[tomcat-embed-core-10.1.31.jar:10.1.31]
	at org.springframework.web.filter.CharacterEncodingFilter.doFilterInternal(CharacterEncodingFilter.java:201) ~[spring-web-6.1.14.jar:6.1.14]
	at org.springframework.web.filter.OncePerRequestFilter.doFilter(OncePerRequestFilter.java:116) ~[spring-web-6.1.14.jar:6.1.14]
	at org.apache.catalina.core.ApplicationFilterChain.internalDoFilter(ApplicationFilterChain.java:164) ~[tomcat-embed-core-10.1.31.jar:10.1.31]
	at org.apache.catalina.core.ApplicationFilterChain.doFilter(ApplicationFilterChain.java:140) ~[tomcat-embed-core-10.1.31.jar:10.1.31]
	at org.apache.catalina.core.StandardWrapperValve.invoke(StandardWrapperValve.java:167) ~[tomcat-embed-core-10.1.31.jar:10.1.31]
	at org.apache.catalina.core.StandardContextValve.invoke(StandardContextValve.java:90) ~[tomcat-embed-core-10.1.31.jar:10.1.31]
	at org.apache.catalina.authenticator.AuthenticatorBase.invoke(AuthenticatorBase.java:483) ~[tomcat-embed-core-10.1.31.jar:10.1.31]
	at org.apache.catalina.core.StandardHostValve.invoke(StandardHostValve.java:115) ~[tomcat-embed-core-10.1.31.jar:10.1.31]
	at org.apache.catalina.valves.ErrorReportValve.invoke(ErrorReportValve.java:93) ~[tomcat-embed-core-10.1.31.jar:10.1.31]
	at org.apache.catalina.core.StandardEngineValve.invoke(StandardEngineValve.java:74) ~[tomcat-embed-core-10.1.31.jar:10.1.31]
	at org.apache.catalina.connector.CoyoteAdapter.service(CoyoteAdapter.java:344) ~[tomcat-embed-core-10.1.31.jar:10.1.31]
	at org.apache.coyote.http11.Http11Processor.service(Http11Processor.java:384) ~[tomcat-embed-core-10.1.31.jar:10.1.31]
	at org.apache.coyote.AbstractProcessorLight.process(AbstractProcessorLight.java:63) ~[tomcat-embed-core-10.1.31.jar:10.1.31]
	at org.apache.coyote.AbstractProtocol$ConnectionHandler.process(AbstractProtocol.java:905) ~[tomcat-embed-core-10.1.31.jar:10.1.31]
	at org.apache.tomcat.util.net.NioEndpoint$SocketProcessor.doRun(NioEndpoint.java:1741) ~[tomcat-embed-core-10.1.31.jar:10.1.31]
	at org.apache.tomcat.util.net.SocketProcessorBase.run(SocketProcessorBase.java:52) ~[tomcat-embed-core-10.1.31.jar:10.1.31]
	at org.apache.tomcat.util.threads.ThreadPoolExecutor.runWorker(ThreadPoolExecutor.java:1190) ~[tomcat-embed-core-10.1.31.jar:10.1.31]
	at org.apache.tomcat.util.threads.ThreadPoolExecutor$Worker.run(ThreadPoolExecutor.java:659) ~[tomcat-embed-core-10.1.31.jar:10.1.31]
	at org.apache.tomcat.util.threads.TaskThread$WrappingRunnable.run(TaskThread.java:63) ~[tomcat-embed-core-10.1.31.jar:10.1.31]
	at java.base/java.lang.Thread.run(Thread.java:1583) ~[na:na]

2024-11-09T00:36:44.209+03:00  INFO 19736 --- [http-nio-8081-exec-5] r.clevertec.common.aspect.LoggingAspect  : Entering Controller method: getAllNews with arguments: size: 3, page: 0
2024-11-09T00:36:44.209+03:00  INFO 19736 --- [http-nio-8081-exec-5] r.clevertec.common.aspect.LoggingAspect  : Entering Service method: getAll with arguments: size: 3, page: 0
2024-11-09T00:36:44.211+03:00  INFO 19736 --- [http-nio-8081-exec-5] r.clevertec.common.aspect.LoggingAspect  : Entering Repository method: findAll with arguments: pageable: Page request [number: 0, size 3, sort: UNSORTED]
2024-11-09T00:36:45.425+03:00  INFO 19736 --- [http-nio-8081-exec-5] r.clevertec.common.aspect.LoggingAspect  : Exiting Repository method: findAll with result: Page 1 of 7 containing ru.clevertec.core.entity.NewsEntity instances
2024-11-09T00:36:46.217+03:00  INFO 19736 --- [http-nio-8081-exec-5] r.clevertec.common.aspect.LoggingAspect  : Exiting Service method: getAll with result: Page 1 of 7 containing ru.clevertec.common.dto.news.NewsInfoDTO instances
2024-11-09T00:36:46.218+03:00  INFO 19736 --- [http-nio-8081-exec-5] r.clevertec.common.aspect.LoggingAspect  : Exiting Controller method: getAllNews with result: Page 1 of 7 containing ru.clevertec.common.dto.news.NewsInfoDTO instances
2024-11-09T00:36:46.267+03:00  WARN 19736 --- [http-nio-8081-exec-5] ration$PageModule$WarningLoggingModifier : Serializing PageImpl instances as-is is not supported, meaning that there is no guarantee about the stability of the resulting JSON structure!
	For a stable JSON structure, please use Spring Data's PagedModel (globally via @EnableSpringDataWebSupport(pageSerializationMode = VIA_DTO))
	or Spring HATEOAS and Spring Data's PagedResourcesAssembler as documented in https://docs.spring.io/spring-data/commons/reference/repositories/core-extensions.html#core.web.pageables.

2024-11-09T00:43:53.937+03:00  INFO 19736 --- [SpringApplicationShutdownHook] j.LocalContainerEntityManagerFactoryBean : Closing JPA EntityManagerFactory for persistence unit 'default'
2024-11-09T00:43:53.940+03:00  INFO 19736 --- [SpringApplicationShutdownHook] com.zaxxer.hikari.HikariDataSource       : HikariPool-1 - Shutdown initiated...
2024-11-09T00:43:53.945+03:00  INFO 19736 --- [SpringApplicationShutdownHook] com.zaxxer.hikari.HikariDataSource       : HikariPool-1 - Shutdown completed.
2024-11-09T00:43:58.219+03:00  INFO 18536 --- [main] ru.clevertec.NewsServiceApplication      : Starting NewsServiceApplication using Java 21.0.2 with PID 18536 (C:\Users\youngliqui\IdeaProjects\news-management-system\news-service\build\classes\java\main started by youngliqui in C:\Users\youngliqui\IdeaProjects\news-management-system)
2024-11-09T00:43:58.222+03:00  INFO 18536 --- [main] ru.clevertec.NewsServiceApplication      : The following 1 profile is active: "dev"
2024-11-09T00:43:59.169+03:00  INFO 18536 --- [main] .s.d.r.c.RepositoryConfigurationDelegate : Bootstrapping Spring Data JPA repositories in DEFAULT mode.
2024-11-09T00:43:59.266+03:00  INFO 18536 --- [main] .s.d.r.c.RepositoryConfigurationDelegate : Finished Spring Data repository scanning in 87 ms. Found 2 JPA repository interfaces.
2024-11-09T00:44:00.212+03:00  INFO 18536 --- [main] o.s.b.w.embedded.tomcat.TomcatWebServer  : Tomcat initialized with port 8081 (http)
2024-11-09T00:44:00.231+03:00  INFO 18536 --- [main] o.apache.catalina.core.StandardService   : Starting service [Tomcat]
2024-11-09T00:44:00.231+03:00  INFO 18536 --- [main] o.apache.catalina.core.StandardEngine    : Starting Servlet engine: [Apache Tomcat/10.1.31]
2024-11-09T00:44:00.303+03:00  INFO 18536 --- [main] o.a.c.c.C.[Tomcat].[localhost].[/]       : Initializing Spring embedded WebApplicationContext
2024-11-09T00:44:00.304+03:00  INFO 18536 --- [main] w.s.c.ServletWebServerApplicationContext : Root WebApplicationContext: initialization completed in 2027 ms
2024-11-09T00:44:00.513+03:00  INFO 18536 --- [main] com.zaxxer.hikari.HikariDataSource       : HikariPool-1 - Starting...
2024-11-09T00:44:01.933+03:00  INFO 18536 --- [main] com.zaxxer.hikari.pool.HikariPool        : HikariPool-1 - Added connection org.postgresql.jdbc.PgConnection@6b832551
2024-11-09T00:44:01.936+03:00  INFO 18536 --- [main] com.zaxxer.hikari.HikariDataSource       : HikariPool-1 - Start completed.
2024-11-09T00:44:02.676+03:00  INFO 18536 --- [main] liquibase.database                       : Set default schema name to public
2024-11-09T00:44:03.009+03:00  INFO 18536 --- [main] liquibase.changelog                      : Reading resource: db/changelog/migrations/v1.0_create-entity-tables.sql
2024-11-09T00:44:03.019+03:00  INFO 18536 --- [main] liquibase.changelog                      : Reading resource: db/changelog/migrations/v1.1_add_news_and_comments.sql
2024-11-09T00:44:03.023+03:00  INFO 18536 --- [main] liquibase.changelog                      : Reading resource: db/changelog/migrations/v1.2_add_indexes.sql
2024-11-09T00:44:03.605+03:00  INFO 18536 --- [main] liquibase.changelog                      : Reading from public.databasechangelog
2024-11-09T00:44:03.805+03:00  INFO 18536 --- [main] liquibase.ui                             : Database is up to date, no changesets to execute
2024-11-09T00:44:03.809+03:00  INFO 18536 --- [main] liquibase.changelog                      : Reading from public.databasechangelog
2024-11-09T00:44:03.821+03:00  INFO 18536 --- [main] liquibase.util                           : UPDATE SUMMARY
2024-11-09T00:44:03.822+03:00  INFO 18536 --- [main] liquibase.util                           : Run:                          0
2024-11-09T00:44:03.822+03:00  INFO 18536 --- [main] liquibase.util                           : Previously run:               3
2024-11-09T00:44:03.822+03:00  INFO 18536 --- [main] liquibase.util                           : Filtered out:                 0
2024-11-09T00:44:03.822+03:00  INFO 18536 --- [main] liquibase.util                           : -------------------------------
2024-11-09T00:44:03.822+03:00  INFO 18536 --- [main] liquibase.util                           : Total change sets:            3
2024-11-09T00:44:03.823+03:00  INFO 18536 --- [main] liquibase.util                           : Update summary generated
2024-11-09T00:44:04.381+03:00  INFO 18536 --- [main] liquibase.lockservice                    : Successfully released change log lock
2024-11-09T00:44:04.385+03:00  INFO 18536 --- [main] liquibase.command                        : Command execution complete
2024-11-09T00:44:04.521+03:00  INFO 18536 --- [main] o.hibernate.jpa.internal.util.LogHelper  : HHH000204: Processing PersistenceUnitInfo [name: default]
2024-11-09T00:44:04.612+03:00  INFO 18536 --- [main] org.hibernate.Version                    : HHH000412: Hibernate ORM core version 6.5.3.Final
2024-11-09T00:44:04.662+03:00  INFO 18536 --- [main] o.h.c.internal.RegionFactoryInitiator    : HHH000026: Second-level cache disabled
2024-11-09T00:44:05.132+03:00  INFO 18536 --- [main] o.s.o.j.p.SpringPersistenceUnitInfo      : No LoadTimeWeaver setup: ignoring JPA class transformer
2024-11-09T00:44:05.284+03:00  WARN 18536 --- [main] org.hibernate.orm.deprecation            : HHH90000025: PostgreSQLDialect does not need to be specified explicitly using 'hibernate.dialect' (remove the property setting and it will be selected by default)
2024-11-09T00:44:07.024+03:00  INFO 18536 --- [main] o.h.e.t.j.p.i.JtaPlatformInitiator       : HHH000489: No JTA platform available (set 'hibernate.transaction.jta.platform' to enable JTA platform integration)
2024-11-09T00:44:07.029+03:00  INFO 18536 --- [main] j.LocalContainerEntityManagerFactoryBean : Initialized JPA EntityManagerFactory for persistence unit 'default'
2024-11-09T00:44:07.549+03:00  INFO 18536 --- [main] o.s.d.j.r.query.QueryEnhancerFactory     : Hibernate is in classpath; If applicable, HQL parser will be used.
2024-11-09T00:44:07.870+03:00  WARN 18536 --- [main] JpaBaseConfiguration$JpaWebConfiguration : spring.jpa.open-in-view is enabled by default. Therefore, database queries may be performed during view rendering. Explicitly configure spring.jpa.open-in-view to disable this warning
2024-11-09T00:44:08.643+03:00  INFO 18536 --- [main] o.s.b.w.embedded.tomcat.TomcatWebServer  : Tomcat started on port 8081 (http) with context path '/'
2024-11-09T00:44:08.653+03:00  INFO 18536 --- [main] ru.clevertec.NewsServiceApplication      : Started NewsServiceApplication in 11.057 seconds (process running for 11.883)
2024-11-09T00:47:53.488+03:00  INFO 18536 --- [http-nio-8081-exec-1] o.a.c.c.C.[Tomcat].[localhost].[/]       : Initializing Spring DispatcherServlet 'dispatcherServlet'
2024-11-09T00:47:53.489+03:00  INFO 18536 --- [http-nio-8081-exec-1] o.s.web.servlet.DispatcherServlet        : Initializing Servlet 'dispatcherServlet'
2024-11-09T00:47:53.490+03:00  INFO 18536 --- [http-nio-8081-exec-1] o.s.web.servlet.DispatcherServlet        : Completed initialization in 1 ms
2024-11-09T00:47:53.559+03:00  INFO 18536 --- [http-nio-8081-exec-1] r.clevertec.common.aspect.LoggingAspect  : Entering Controller method: getAllNews with arguments: size: 3, page: 0
2024-11-09T00:47:53.559+03:00  INFO 18536 --- [http-nio-8081-exec-1] r.clevertec.common.aspect.LoggingAspect  : Entering Service method: getAll with arguments: size: 3, page: 0
2024-11-09T00:47:53.561+03:00  INFO 18536 --- [http-nio-8081-exec-1] r.clevertec.common.aspect.LoggingAspect  : Entering Repository method: findAll with arguments: pageable: Page request [number: 0, size 3, sort: UNSORTED]
2024-11-09T00:47:53.763+03:00  INFO 18536 --- [http-nio-8081-exec-1] r.clevertec.common.aspect.LoggingAspect  : Exiting Repository method: findAll with result: Page 1 of 7 containing ru.clevertec.core.entity.NewsEntity instances
2024-11-09T00:47:54.519+03:00  INFO 18536 --- [http-nio-8081-exec-1] r.clevertec.common.aspect.LoggingAspect  : Exiting Service method: getAll with result: Page 1 of 7 containing ru.clevertec.common.dto.news.NewsInfoDTO instances
2024-11-09T00:47:54.519+03:00  INFO 18536 --- [http-nio-8081-exec-1] r.clevertec.common.aspect.LoggingAspect  : Exiting Controller method: getAllNews with result: Page 1 of 7 containing ru.clevertec.common.dto.news.NewsInfoDTO instances
2024-11-09T00:48:32.159+03:00  INFO 18536 --- [http-nio-8081-exec-8] r.clevertec.common.aspect.LoggingAspect  : Entering Controller method: getNewsById with arguments: newsId: 12
2024-11-09T00:48:32.160+03:00  INFO 18536 --- [http-nio-8081-exec-8] r.clevertec.common.aspect.LoggingAspect  : Entering Service method: getNewsInfoById with arguments: newsId: 12
2024-11-09T00:48:32.160+03:00  INFO 18536 --- [http-nio-8081-exec-8] r.clevertec.common.aspect.LoggingAspect  : Entering Repository method: findById with arguments: id: 12
2024-11-09T00:48:32.178+03:00  INFO 18536 --- [http-nio-8081-exec-8] r.clevertec.common.aspect.LoggingAspect  : Exiting Repository method: findById with result: Optional[NewsEntity(id=12, time=2024-11-09T00:17:46.010096, title=Образование: дистанционное обучение становится нормой, text=Дистанционное обучение продолжает набирать популярность, и многие учебные заведения переходят на гибридные форматы обучения.)]
2024-11-09T00:48:32.182+03:00  INFO 18536 --- [http-nio-8081-exec-8] r.clevertec.common.aspect.LoggingAspect  : Exiting Service method: getNewsInfoById with result: NewsInfoDTO(id=12, time=2024-11-09T00:17:46.010096, title=Образование: дистанционное обучение становится нормой, text=Дистанционное обучение продолжает набирать популярность, и многие учебные заведения переходят на гибридные форматы обучения., commentsCount=10)
2024-11-09T00:48:32.183+03:00  INFO 18536 --- [http-nio-8081-exec-8] r.clevertec.common.aspect.LoggingAspect  : Exiting Controller method: getNewsById with result: NewsInfoDTO(id=12, time=2024-11-09T00:17:46.010096, title=Образование: дистанционное обучение становится нормой, text=Дистанционное обучение продолжает набирать популярность, и многие учебные заведения переходят на гибридные форматы обучения., commentsCount=10)
2024-11-09T00:49:34.644+03:00  INFO 18536 --- [http-nio-8081-exec-6] r.clevertec.common.aspect.LoggingAspect  : Entering Controller method: search with arguments: query: ало, size: 10, page: 0
2024-11-09T00:49:34.645+03:00  INFO 18536 --- [http-nio-8081-exec-6] r.clevertec.common.aspect.LoggingAspect  : Entering Service method: searchNews with arguments: query: ало, size: 10, page: 0
2024-11-09T00:49:34.645+03:00  INFO 18536 --- [http-nio-8081-exec-6] r.clevertec.common.aspect.LoggingAspect  : Entering Repository method: searchByTitleOrText with arguments: query: ало, pageable: Page request [number: 0, size 10, sort: UNSORTED]
2024-11-09T00:49:34.935+03:00  INFO 18536 --- [http-nio-8081-exec-6] r.clevertec.common.aspect.LoggingAspect  : Exiting Repository method: searchByTitleOrText with result: Page 1 of 1 containing ru.clevertec.core.entity.NewsEntity instances
2024-11-09T00:49:35.388+03:00  INFO 18536 --- [http-nio-8081-exec-6] r.clevertec.common.aspect.LoggingAspect  : Exiting Service method: searchNews with result: Page 1 of 1 containing ru.clevertec.common.dto.news.NewsInfoDTO instances
2024-11-09T00:49:35.388+03:00  INFO 18536 --- [http-nio-8081-exec-6] r.clevertec.common.aspect.LoggingAspect  : Exiting Controller method: search with result: Page 1 of 1 containing ru.clevertec.common.dto.news.NewsInfoDTO instances
2024-11-09T00:49:45.530+03:00  INFO 18536 --- [http-nio-8081-exec-7] r.clevertec.common.aspect.LoggingAspect  : Entering Controller method: getNewsById with arguments: newsId: 12
2024-11-09T00:49:45.531+03:00  INFO 18536 --- [http-nio-8081-exec-7] r.clevertec.common.aspect.LoggingAspect  : Entering Service method: getNewsInfoById with arguments: newsId: 12
2024-11-09T00:49:45.531+03:00  INFO 18536 --- [http-nio-8081-exec-7] r.clevertec.common.aspect.LoggingAspect  : Exiting Service method: getNewsInfoById with result: NewsInfoDTO(id=12, time=2024-11-09T00:17:46.010096, title=Образование: дистанционное обучение становится нормой, text=Дистанционное обучение продолжает набирать популярность, и многие учебные заведения переходят на гибридные форматы обучения., commentsCount=10)
2024-11-09T00:49:45.531+03:00  INFO 18536 --- [http-nio-8081-exec-7] r.clevertec.common.aspect.LoggingAspect  : Exiting Controller method: getNewsById with result: NewsInfoDTO(id=12, time=2024-11-09T00:17:46.010096, title=Образование: дистанционное обучение становится нормой, text=Дистанционное обучение продолжает набирать популярность, и многие учебные заведения переходят на гибридные форматы обучения., commentsCount=10)
2024-11-09T00:50:01.550+03:00  INFO 18536 --- [SpringApplicationShutdownHook] j.LocalContainerEntityManagerFactoryBean : Closing JPA EntityManagerFactory for persistence unit 'default'
2024-11-09T00:50:01.552+03:00  INFO 18536 --- [SpringApplicationShutdownHook] com.zaxxer.hikari.HikariDataSource       : HikariPool-1 - Shutdown initiated...
2024-11-09T00:50:01.556+03:00  INFO 18536 --- [SpringApplicationShutdownHook] com.zaxxer.hikari.HikariDataSource       : HikariPool-1 - Shutdown completed.
2024-11-09T01:24:30.384+03:00  INFO 20288 --- [main] ru.clevertec.NewsServiceApplication      : Starting NewsServiceApplication using Java 21.0.2 with PID 20288 (C:\Users\youngliqui\IdeaProjects\news-management-system\news-service\build\classes\java\main started by youngliqui in C:\Users\youngliqui\IdeaProjects\news-management-system)
2024-11-09T01:24:30.388+03:00  INFO 20288 --- [main] ru.clevertec.NewsServiceApplication      : The following 1 profile is active: "dev"
2024-11-09T01:24:31.439+03:00  INFO 20288 --- [main] .s.d.r.c.RepositoryConfigurationDelegate : Bootstrapping Spring Data JPA repositories in DEFAULT mode.
2024-11-09T01:24:31.544+03:00  INFO 20288 --- [main] .s.d.r.c.RepositoryConfigurationDelegate : Finished Spring Data repository scanning in 92 ms. Found 2 JPA repository interfaces.
2024-11-09T01:24:32.580+03:00  INFO 20288 --- [main] o.s.b.w.embedded.tomcat.TomcatWebServer  : Tomcat initialized with port 8081 (http)
2024-11-09T01:24:32.600+03:00  INFO 20288 --- [main] o.apache.catalina.core.StandardService   : Starting service [Tomcat]
2024-11-09T01:24:32.600+03:00  INFO 20288 --- [main] o.apache.catalina.core.StandardEngine    : Starting Servlet engine: [Apache Tomcat/10.1.31]
2024-11-09T01:24:32.670+03:00  INFO 20288 --- [main] o.a.c.c.C.[Tomcat].[localhost].[/]       : Initializing Spring embedded WebApplicationContext
2024-11-09T01:24:32.671+03:00  INFO 20288 --- [main] w.s.c.ServletWebServerApplicationContext : Root WebApplicationContext: initialization completed in 2218 ms
2024-11-09T01:24:32.894+03:00  INFO 20288 --- [main] com.zaxxer.hikari.HikariDataSource       : HikariPool-1 - Starting...
2024-11-09T01:24:33.410+03:00  INFO 20288 --- [main] com.zaxxer.hikari.pool.HikariPool        : HikariPool-1 - Added connection org.postgresql.jdbc.PgConnection@7282af25
2024-11-09T01:24:33.413+03:00  INFO 20288 --- [main] com.zaxxer.hikari.HikariDataSource       : HikariPool-1 - Start completed.
2024-11-09T01:24:34.890+03:00  INFO 20288 --- [main] liquibase.database                       : Set default schema name to public
2024-11-09T01:24:35.253+03:00  INFO 20288 --- [main] liquibase.changelog                      : Reading resource: db/changelog/migrations/v1.0_create-entity-tables.sql
2024-11-09T01:24:35.264+03:00  INFO 20288 --- [main] liquibase.changelog                      : Reading resource: db/changelog/migrations/v1.1_add_news_and_comments.sql
2024-11-09T01:24:35.268+03:00  INFO 20288 --- [main] liquibase.changelog                      : Reading resource: db/changelog/migrations/v1.2_add_indexes.sql
2024-11-09T01:24:35.472+03:00  INFO 20288 --- [main] liquibase.changelog                      : Creating database history table with name: public.databasechangelog
2024-11-09T01:24:35.844+03:00  INFO 20288 --- [main] liquibase.changelog                      : Reading from public.databasechangelog
2024-11-09T01:24:36.802+03:00  INFO 20288 --- [main] liquibase.lockservice                    : Successfully acquired change log lock
2024-11-09T01:24:37.333+03:00  INFO 20288 --- [main] liquibase.command                        : Using deploymentId: 1104677333
2024-11-09T01:24:37.338+03:00  INFO 20288 --- [main] liquibase.changelog                      : Reading from public.databasechangelog
2024-11-09T01:24:37.353+03:00  INFO 20288 --- [main] liquibase.ui                             : Running Changeset: db/changelog/migrations/v1.0_create-entity-tables.sql::1::youngliqui
2024-11-09T01:24:38.235+03:00  INFO 20288 --- [main] liquibase.changelog                      : Custom SQL executed
2024-11-09T01:24:38.299+03:00  INFO 20288 --- [main] liquibase.changelog                      : ChangeSet db/changelog/migrations/v1.0_create-entity-tables.sql::1::youngliqui ran successfully in 944ms
2024-11-09T01:24:38.315+03:00  INFO 20288 --- [main] liquibase.ui                             : Running Changeset: db/changelog/migrations/v1.1_add_news_and_comments.sql::raw::includeAll
2024-11-09T01:24:39.147+03:00  INFO 20288 --- [main] liquibase.changelog                      : Custom SQL executed
2024-11-09T01:24:39.158+03:00  INFO 20288 --- [main] liquibase.changelog                      : ChangeSet db/changelog/migrations/v1.1_add_news_and_comments.sql::raw::includeAll ran successfully in 841ms
2024-11-09T01:24:39.830+03:00  INFO 20288 --- [main] liquibase.ui                             : Running Changeset: db/changelog/migrations/v1.2_add_indexes.sql::raw::includeAll
2024-11-09T01:24:40.102+03:00  INFO 20288 --- [main] liquibase.changelog                      : Custom SQL executed
2024-11-09T01:24:40.108+03:00  INFO 20288 --- [main] liquibase.changelog                      : ChangeSet db/changelog/migrations/v1.2_add_indexes.sql::raw::includeAll ran successfully in 277ms
2024-11-09T01:24:40.639+03:00  INFO 20288 --- [main] liquibase.util                           : UPDATE SUMMARY
2024-11-09T01:24:40.639+03:00  INFO 20288 --- [main] liquibase.util                           : Run:                          3
2024-11-09T01:24:40.639+03:00  INFO 20288 --- [main] liquibase.util                           : Previously run:               0
2024-11-09T01:24:40.639+03:00  INFO 20288 --- [main] liquibase.util                           : Filtered out:                 0
2024-11-09T01:24:40.640+03:00  INFO 20288 --- [main] liquibase.util                           : -------------------------------
2024-11-09T01:24:40.640+03:00  INFO 20288 --- [main] liquibase.util                           : Total change sets:            3
2024-11-09T01:24:40.641+03:00  INFO 20288 --- [main] liquibase.util                           : Update summary generated
2024-11-09T01:24:40.645+03:00  INFO 20288 --- [main] liquibase.command                        : Update command completed successfully.
2024-11-09T01:24:40.645+03:00  INFO 20288 --- [main] liquibase.ui                             : Liquibase: Update has been successful. Rows affected: 223
2024-11-09T01:24:40.782+03:00  INFO 20288 --- [main] liquibase.lockservice                    : Successfully released change log lock
2024-11-09T01:24:40.785+03:00  INFO 20288 --- [main] liquibase.command                        : Command execution complete
2024-11-09T01:24:40.944+03:00  INFO 20288 --- [main] o.hibernate.jpa.internal.util.LogHelper  : HHH000204: Processing PersistenceUnitInfo [name: default]
2024-11-09T01:24:41.037+03:00  INFO 20288 --- [main] org.hibernate.Version                    : HHH000412: Hibernate ORM core version 6.5.3.Final
2024-11-09T01:24:41.091+03:00  INFO 20288 --- [main] o.h.c.internal.RegionFactoryInitiator    : HHH000026: Second-level cache disabled
2024-11-09T01:24:41.582+03:00  INFO 20288 --- [main] o.s.o.j.p.SpringPersistenceUnitInfo      : No LoadTimeWeaver setup: ignoring JPA class transformer
2024-11-09T01:24:41.676+03:00  WARN 20288 --- [main] org.hibernate.orm.deprecation            : HHH90000025: PostgreSQLDialect does not need to be specified explicitly using 'hibernate.dialect' (remove the property setting and it will be selected by default)
2024-11-09T01:24:43.449+03:00  INFO 20288 --- [main] o.h.e.t.j.p.i.JtaPlatformInitiator       : HHH000489: No JTA platform available (set 'hibernate.transaction.jta.platform' to enable JTA platform integration)
2024-11-09T01:24:43.453+03:00  INFO 20288 --- [main] j.LocalContainerEntityManagerFactoryBean : Initialized JPA EntityManagerFactory for persistence unit 'default'
2024-11-09T01:24:43.998+03:00  INFO 20288 --- [main] o.s.d.j.r.query.QueryEnhancerFactory     : Hibernate is in classpath; If applicable, HQL parser will be used.
2024-11-09T01:24:44.308+03:00  WARN 20288 --- [main] JpaBaseConfiguration$JpaWebConfiguration : spring.jpa.open-in-view is enabled by default. Therefore, database queries may be performed during view rendering. Explicitly configure spring.jpa.open-in-view to disable this warning
2024-11-09T01:24:45.108+03:00  INFO 20288 --- [main] o.s.b.w.embedded.tomcat.TomcatWebServer  : Tomcat started on port 8081 (http) with context path '/'
2024-11-09T01:24:45.116+03:00  INFO 20288 --- [main] ru.clevertec.NewsServiceApplication      : Started NewsServiceApplication in 15.568 seconds (process running for 16.732)
2024-11-09T01:24:55.269+03:00  INFO 20288 --- [http-nio-8081-exec-1] o.a.c.c.C.[Tomcat].[localhost].[/]       : Initializing Spring DispatcherServlet 'dispatcherServlet'
2024-11-09T01:24:55.269+03:00  INFO 20288 --- [http-nio-8081-exec-1] o.s.web.servlet.DispatcherServlet        : Initializing Servlet 'dispatcherServlet'
2024-11-09T01:24:55.270+03:00  INFO 20288 --- [http-nio-8081-exec-1] o.s.web.servlet.DispatcherServlet        : Completed initialization in 1 ms
2024-11-09T01:24:55.336+03:00  INFO 20288 --- [http-nio-8081-exec-1] r.clevertec.common.aspect.LoggingAspect  : Entering Controller method: getNewsById with arguments: newsId: 12
2024-11-09T01:24:55.337+03:00  INFO 20288 --- [http-nio-8081-exec-1] r.clevertec.common.aspect.LoggingAspect  : Entering Service method: getNewsInfoById with arguments: newsId: 12
2024-11-09T01:24:55.339+03:00  INFO 20288 --- [http-nio-8081-exec-1] r.clevertec.common.aspect.LoggingAspect  : Entering Repository method: findById with arguments: id: 12
2024-11-09T01:24:55.623+03:00  INFO 20288 --- [http-nio-8081-exec-1] r.clevertec.common.aspect.LoggingAspect  : Exiting Repository method: findById with result: Optional[NewsEntity(id=12, time=2024-11-09T01:24:38.256229, title=Образование: дистанционное обучение становится нормой, text=Дистанционное обучение продолжает набирать популярность, и многие учебные заведения переходят на гибридные форматы обучения.)]
2024-11-09T01:24:55.645+03:00  INFO 20288 --- [http-nio-8081-exec-1] r.clevertec.common.aspect.LoggingAspect  : Exiting Service method: getNewsInfoById with result: NewsInfoDTO(id=12, time=2024-11-09T01:24:38.256229, title=Образование: дистанционное обучение становится нормой, text=Дистанционное обучение продолжает набирать популярность, и многие учебные заведения переходят на гибридные форматы обучения., commentsCount=10)
2024-11-09T01:24:55.646+03:00  INFO 20288 --- [http-nio-8081-exec-1] r.clevertec.common.aspect.LoggingAspect  : Exiting Controller method: getNewsById with result: NewsInfoDTO(id=12, time=2024-11-09T01:24:38.256229, title=Образование: дистанционное обучение становится нормой, text=Дистанционное обучение продолжает набирать популярность, и многие учебные заведения переходят на гибридные форматы обучения., commentsCount=10)
2024-11-09T01:25:24.933+03:00  INFO 20288 --- [SpringApplicationShutdownHook] j.LocalContainerEntityManagerFactoryBean : Closing JPA EntityManagerFactory for persistence unit 'default'
2024-11-09T01:25:24.936+03:00  INFO 20288 --- [SpringApplicationShutdownHook] com.zaxxer.hikari.HikariDataSource       : HikariPool-1 - Shutdown initiated...
2024-11-09T01:25:24.938+03:00  INFO 20288 --- [SpringApplicationShutdownHook] com.zaxxer.hikari.HikariDataSource       : HikariPool-1 - Shutdown completed.
2024-11-09T01:37:27.535+03:00  INFO 21316 --- [main] ru.clevertec.NewsServiceApplication      : Starting NewsServiceApplication using Java 21.0.2 with PID 21316 (C:\Users\youngliqui\IdeaProjects\news-management-system\news-service\build\classes\java\main started by youngliqui in C:\Users\youngliqui\IdeaProjects\news-management-system)
2024-11-09T01:37:27.539+03:00  INFO 21316 --- [main] ru.clevertec.NewsServiceApplication      : The following 1 profile is active: "dev"
2024-11-09T01:37:28.530+03:00  INFO 21316 --- [main] .s.d.r.c.RepositoryConfigurationDelegate : Bootstrapping Spring Data JPA repositories in DEFAULT mode.
2024-11-09T01:37:28.630+03:00  INFO 21316 --- [main] .s.d.r.c.RepositoryConfigurationDelegate : Finished Spring Data repository scanning in 90 ms. Found 2 JPA repository interfaces.
2024-11-09T01:37:29.651+03:00  INFO 21316 --- [main] o.s.b.w.embedded.tomcat.TomcatWebServer  : Tomcat initialized with port 8081 (http)
2024-11-09T01:37:29.671+03:00  INFO 21316 --- [main] o.apache.catalina.core.StandardService   : Starting service [Tomcat]
2024-11-09T01:37:29.671+03:00  INFO 21316 --- [main] o.apache.catalina.core.StandardEngine    : Starting Servlet engine: [Apache Tomcat/10.1.31]
2024-11-09T01:37:29.739+03:00  INFO 21316 --- [main] o.a.c.c.C.[Tomcat].[localhost].[/]       : Initializing Spring embedded WebApplicationContext
2024-11-09T01:37:29.739+03:00  INFO 21316 --- [main] w.s.c.ServletWebServerApplicationContext : Root WebApplicationContext: initialization completed in 2124 ms
2024-11-09T01:37:29.950+03:00  INFO 21316 --- [main] com.zaxxer.hikari.HikariDataSource       : HikariPool-1 - Starting...
2024-11-09T01:37:31.028+03:00  WARN 21316 --- [main] ConfigServletWebServerApplicationContext : Exception encountered during context initialization - cancelling refresh attempt: org.springframework.beans.factory.BeanCreationException: Error creating bean with name 'entityManagerFactory' defined in class path resource [org/springframework/boot/autoconfigure/orm/jpa/HibernateJpaConfiguration.class]: Failed to initialize dependency 'liquibase' of LoadTimeWeaverAware bean 'entityManagerFactory': Error creating bean with name 'liquibase' defined in class path resource [org/springframework/boot/autoconfigure/liquibase/LiquibaseAutoConfiguration$LiquibaseConfiguration.class]: liquibase.exception.DatabaseException: org.postgresql.util.PSQLException: Ошибка при попытке подсоединения.
2024-11-09T01:37:31.031+03:00  INFO 21316 --- [main] o.apache.catalina.core.StandardService   : Stopping service [Tomcat]
2024-11-09T01:37:31.043+03:00  INFO 21316 --- [main] .s.b.a.l.ConditionEvaluationReportLogger : 

Error starting ApplicationContext. To display the condition evaluation report re-run your application with 'debug' enabled.
2024-11-09T01:37:31.079+03:00 ERROR 21316 --- [main] o.s.boot.SpringApplication               : Application run failed

org.springframework.beans.factory.BeanCreationException: Error creating bean with name 'entityManagerFactory' defined in class path resource [org/springframework/boot/autoconfigure/orm/jpa/HibernateJpaConfiguration.class]: Failed to initialize dependency 'liquibase' of LoadTimeWeaverAware bean 'entityManagerFactory': Error creating bean with name 'liquibase' defined in class path resource [org/springframework/boot/autoconfigure/liquibase/LiquibaseAutoConfiguration$LiquibaseConfiguration.class]: liquibase.exception.DatabaseException: org.postgresql.util.PSQLException: Ошибка при попытке подсоединения.
	at org.springframework.beans.factory.support.AbstractBeanFactory.doGetBean(AbstractBeanFactory.java:326) ~[spring-beans-6.1.14.jar:6.1.14]
	at org.springframework.beans.factory.support.AbstractBeanFactory.getBean(AbstractBeanFactory.java:205) ~[spring-beans-6.1.14.jar:6.1.14]
	at org.springframework.context.support.AbstractApplicationContext.finishBeanFactoryInitialization(AbstractApplicationContext.java:954) ~[spring-context-6.1.14.jar:6.1.14]
	at org.springframework.context.support.AbstractApplicationContext.refresh(AbstractApplicationContext.java:625) ~[spring-context-6.1.14.jar:6.1.14]
	at org.springframework.boot.web.servlet.context.ServletWebServerApplicationContext.refresh(ServletWebServerApplicationContext.java:146) ~[spring-boot-3.3.5.jar:3.3.5]
	at org.springframework.boot.SpringApplication.refresh(SpringApplication.java:754) ~[spring-boot-3.3.5.jar:3.3.5]
	at org.springframework.boot.SpringApplication.refreshContext(SpringApplication.java:456) ~[spring-boot-3.3.5.jar:3.3.5]
	at org.springframework.boot.SpringApplication.run(SpringApplication.java:335) ~[spring-boot-3.3.5.jar:3.3.5]
	at org.springframework.boot.SpringApplication.run(SpringApplication.java:1363) ~[spring-boot-3.3.5.jar:3.3.5]
	at org.springframework.boot.SpringApplication.run(SpringApplication.java:1352) ~[spring-boot-3.3.5.jar:3.3.5]
	at ru.clevertec.NewsServiceApplication.main(NewsServiceApplication.java:13) ~[main/:na]
Caused by: org.springframework.beans.factory.BeanCreationException: Error creating bean with name 'liquibase' defined in class path resource [org/springframework/boot/autoconfigure/liquibase/LiquibaseAutoConfiguration$LiquibaseConfiguration.class]: liquibase.exception.DatabaseException: org.postgresql.util.PSQLException: Ошибка при попытке подсоединения.
	at org.springframework.beans.factory.support.AbstractAutowireCapableBeanFactory.initializeBean(AbstractAutowireCapableBeanFactory.java:1806) ~[spring-beans-6.1.14.jar:6.1.14]
	at org.springframework.beans.factory.support.AbstractAutowireCapableBeanFactory.doCreateBean(AbstractAutowireCapableBeanFactory.java:600) ~[spring-beans-6.1.14.jar:6.1.14]
	at org.springframework.beans.factory.support.AbstractAutowireCapableBeanFactory.createBean(AbstractAutowireCapableBeanFactory.java:522) ~[spring-beans-6.1.14.jar:6.1.14]
	at org.springframework.beans.factory.support.AbstractBeanFactory.lambda$doGetBean$0(AbstractBeanFactory.java:337) ~[spring-beans-6.1.14.jar:6.1.14]
	at org.springframework.beans.factory.support.DefaultSingletonBeanRegistry.getSingleton(DefaultSingletonBeanRegistry.java:234) ~[spring-beans-6.1.14.jar:6.1.14]
	at org.springframework.beans.factory.support.AbstractBeanFactory.doGetBean(AbstractBeanFactory.java:335) ~[spring-beans-6.1.14.jar:6.1.14]
	at org.springframework.beans.factory.support.AbstractBeanFactory.getBean(AbstractBeanFactory.java:200) ~[spring-beans-6.1.14.jar:6.1.14]
	at org.springframework.beans.factory.support.AbstractBeanFactory.doGetBean(AbstractBeanFactory.java:313) ~[spring-beans-6.1.14.jar:6.1.14]
	... 10 common frames omitted
Caused by: liquibase.exception.UnexpectedLiquibaseException: liquibase.exception.DatabaseException: org.postgresql.util.PSQLException: Ошибка при попытке подсоединения.
	at liquibase.integration.spring.SpringLiquibase.afterPropertiesSet(SpringLiquibase.java:259) ~[liquibase-core-4.27.0.jar:na]
	at org.springframework.beans.factory.support.AbstractAutowireCapableBeanFactory.invokeInitMethods(AbstractAutowireCapableBeanFactory.java:1853) ~[spring-beans-6.1.14.jar:6.1.14]
	at org.springframework.beans.factory.support.AbstractAutowireCapableBeanFactory.initializeBean(AbstractAutowireCapableBeanFactory.java:1802) ~[spring-beans-6.1.14.jar:6.1.14]
	... 17 common frames omitted
Caused by: liquibase.exception.DatabaseException: org.postgresql.util.PSQLException: Ошибка при попытке подсоединения.
	at liquibase.integration.spring.SpringLiquibase.lambda$afterPropertiesSet$0(SpringLiquibase.java:251) ~[liquibase-core-4.27.0.jar:na]
	at liquibase.Scope.lambda$child$0(Scope.java:190) ~[liquibase-core-4.27.0.jar:na]
	at liquibase.Scope.child(Scope.java:199) ~[liquibase-core-4.27.0.jar:na]
	at liquibase.Scope.child(Scope.java:189) ~[liquibase-core-4.27.0.jar:na]
	at liquibase.Scope.child(Scope.java:168) ~[liquibase-core-4.27.0.jar:na]
	at liquibase.Scope.child(Scope.java:256) ~[liquibase-core-4.27.0.jar:na]
	at liquibase.integration.spring.SpringLiquibase.afterPropertiesSet(SpringLiquibase.java:242) ~[liquibase-core-4.27.0.jar:na]
	... 19 common frames omitted
Caused by: org.postgresql.util.PSQLException: Ошибка при попытке подсоединения.
	at org.postgresql.core.v3.ConnectionFactoryImpl.openConnectionImpl(ConnectionFactoryImpl.java:364) ~[postgresql-42.7.4.jar:42.7.4]
	at org.postgresql.core.ConnectionFactory.openConnection(ConnectionFactory.java:54) ~[postgresql-42.7.4.jar:42.7.4]
	at org.postgresql.jdbc.PgConnection.<init>(PgConnection.java:273) ~[postgresql-42.7.4.jar:42.7.4]
	at org.postgresql.Driver.makeConnection(Driver.java:446) ~[postgresql-42.7.4.jar:42.7.4]
	at org.postgresql.Driver.connect(Driver.java:298) ~[postgresql-42.7.4.jar:42.7.4]
	at com.zaxxer.hikari.util.DriverDataSource.getConnection(DriverDataSource.java:137) ~[HikariCP-5.1.0.jar:na]
	at com.zaxxer.hikari.pool.PoolBase.newConnection(PoolBase.java:360) ~[HikariCP-5.1.0.jar:na]
	at com.zaxxer.hikari.pool.PoolBase.newPoolEntry(PoolBase.java:202) ~[HikariCP-5.1.0.jar:na]
	at com.zaxxer.hikari.pool.HikariPool.createPoolEntry(HikariPool.java:461) ~[HikariCP-5.1.0.jar:na]
	at com.zaxxer.hikari.pool.HikariPool.checkFailFast(HikariPool.java:550) ~[HikariCP-5.1.0.jar:na]
	at com.zaxxer.hikari.pool.HikariPool.<init>(HikariPool.java:98) ~[HikariCP-5.1.0.jar:na]
	at com.zaxxer.hikari.HikariDataSource.getConnection(HikariDataSource.java:111) ~[HikariCP-5.1.0.jar:na]
	at liquibase.integration.spring.SpringLiquibase.lambda$afterPropertiesSet$0(SpringLiquibase.java:246) ~[liquibase-core-4.27.0.jar:na]
	... 25 common frames omitted
Caused by: java.io.EOFException: null
	at org.postgresql.core.PGStream.receiveChar(PGStream.java:478) ~[postgresql-42.7.4.jar:42.7.4]
	at org.postgresql.core.v3.ConnectionFactoryImpl.enableSSL(ConnectionFactoryImpl.java:607) ~[postgresql-42.7.4.jar:42.7.4]
	at org.postgresql.core.v3.ConnectionFactoryImpl.tryConnect(ConnectionFactoryImpl.java:201) ~[postgresql-42.7.4.jar:42.7.4]
	at org.postgresql.core.v3.ConnectionFactoryImpl.openConnectionImpl(ConnectionFactoryImpl.java:268) ~[postgresql-42.7.4.jar:42.7.4]
	... 37 common frames omitted

2024-11-09T01:42:20.552+03:00  INFO 19952 --- [main] ru.clevertec.NewsServiceApplication      : Starting NewsServiceApplication using Java 21.0.2 with PID 19952 (C:\Users\youngliqui\IdeaProjects\news-management-system\news-service\build\classes\java\main started by youngliqui in C:\Users\youngliqui\IdeaProjects\news-management-system)
2024-11-09T01:42:20.554+03:00  INFO 19952 --- [main] ru.clevertec.NewsServiceApplication      : The following 1 profile is active: "dev"
2024-11-09T01:42:21.468+03:00  INFO 19952 --- [main] .s.d.r.c.RepositoryConfigurationDelegate : Bootstrapping Spring Data JPA repositories in DEFAULT mode.
2024-11-09T01:42:21.581+03:00  INFO 19952 --- [main] .s.d.r.c.RepositoryConfigurationDelegate : Finished Spring Data repository scanning in 100 ms. Found 2 JPA repository interfaces.
2024-11-09T01:42:22.489+03:00  INFO 19952 --- [main] o.s.b.w.embedded.tomcat.TomcatWebServer  : Tomcat initialized with port 8081 (http)
2024-11-09T01:42:22.515+03:00  INFO 19952 --- [main] o.apache.catalina.core.StandardService   : Starting service [Tomcat]
2024-11-09T01:42:22.515+03:00  INFO 19952 --- [main] o.apache.catalina.core.StandardEngine    : Starting Servlet engine: [Apache Tomcat/10.1.31]
2024-11-09T01:42:22.581+03:00  INFO 19952 --- [main] o.a.c.c.C.[Tomcat].[localhost].[/]       : Initializing Spring embedded WebApplicationContext
2024-11-09T01:42:22.582+03:00  INFO 19952 --- [main] w.s.c.ServletWebServerApplicationContext : Root WebApplicationContext: initialization completed in 1970 ms
2024-11-09T01:42:22.794+03:00  INFO 19952 --- [main] com.zaxxer.hikari.HikariDataSource       : HikariPool-1 - Starting...
2024-11-09T01:42:24.159+03:00  INFO 19952 --- [main] com.zaxxer.hikari.pool.HikariPool        : HikariPool-1 - Added connection org.postgresql.jdbc.PgConnection@2fdf22f7
2024-11-09T01:42:24.161+03:00  INFO 19952 --- [main] com.zaxxer.hikari.HikariDataSource       : HikariPool-1 - Start completed.
2024-11-09T01:42:24.921+03:00  INFO 19952 --- [main] liquibase.database                       : Set default schema name to public
2024-11-09T01:42:25.263+03:00  INFO 19952 --- [main] liquibase.changelog                      : Reading resource: db/changelog/migrations/v1.0_create-entity-tables.sql
2024-11-09T01:42:25.274+03:00  INFO 19952 --- [main] liquibase.changelog                      : Reading resource: db/changelog/migrations/v1.1_add_news_and_comments.sql
2024-11-09T01:42:25.278+03:00  INFO 19952 --- [main] liquibase.changelog                      : Reading resource: db/changelog/migrations/v1.2_add_indexes.sql
2024-11-09T01:42:25.810+03:00  INFO 19952 --- [main] liquibase.changelog                      : Creating database history table with name: public.databasechangelog
2024-11-09T01:42:26.641+03:00  INFO 19952 --- [main] liquibase.changelog                      : Reading from public.databasechangelog
2024-11-09T01:42:28.362+03:00  INFO 19952 --- [main] liquibase.lockservice                    : Successfully acquired change log lock
2024-11-09T01:42:28.374+03:00  INFO 19952 --- [main] liquibase.command                        : Using deploymentId: 1105748374
2024-11-09T01:42:28.470+03:00  INFO 19952 --- [main] liquibase.changelog                      : Reading from public.databasechangelog
2024-11-09T01:42:28.794+03:00  INFO 19952 --- [main] liquibase.ui                             : Running Changeset: db/changelog/migrations/v1.0_create-entity-tables.sql::1::youngliqui
2024-11-09T01:42:28.862+03:00  INFO 19952 --- [main] liquibase.changelog                      : Custom SQL executed
2024-11-09T01:42:28.873+03:00  INFO 19952 --- [main] liquibase.changelog                      : ChangeSet db/changelog/migrations/v1.0_create-entity-tables.sql::1::youngliqui ran successfully in 77ms
2024-11-09T01:42:29.235+03:00  INFO 19952 --- [main] liquibase.ui                             : Running Changeset: db/changelog/migrations/v1.1_add_news_and_comments.sql::raw::includeAll
2024-11-09T01:42:29.356+03:00  INFO 19952 --- [main] liquibase.changelog                      : Custom SQL executed
2024-11-09T01:42:29.874+03:00  INFO 19952 --- [main] liquibase.changelog                      : ChangeSet db/changelog/migrations/v1.1_add_news_and_comments.sql::raw::includeAll ran successfully in 638ms
2024-11-09T01:42:30.081+03:00  INFO 19952 --- [main] liquibase.ui                             : Running Changeset: db/changelog/migrations/v1.2_add_indexes.sql::raw::includeAll
2024-11-09T01:42:30.190+03:00  INFO 19952 --- [main] liquibase.changelog                      : Custom SQL executed
2024-11-09T01:42:30.194+03:00  INFO 19952 --- [main] liquibase.changelog                      : ChangeSet db/changelog/migrations/v1.2_add_indexes.sql::raw::includeAll ran successfully in 113ms
2024-11-09T01:42:30.206+03:00  INFO 19952 --- [main] liquibase.util                           : UPDATE SUMMARY
2024-11-09T01:42:30.206+03:00  INFO 19952 --- [main] liquibase.util                           : Run:                          3
2024-11-09T01:42:30.206+03:00  INFO 19952 --- [main] liquibase.util                           : Previously run:               0
2024-11-09T01:42:30.206+03:00  INFO 19952 --- [main] liquibase.util                           : Filtered out:                 0
2024-11-09T01:42:30.206+03:00  INFO 19952 --- [main] liquibase.util                           : -------------------------------
2024-11-09T01:42:30.206+03:00  INFO 19952 --- [main] liquibase.util                           : Total change sets:            3
2024-11-09T01:42:30.208+03:00  INFO 19952 --- [main] liquibase.util                           : Update summary generated
2024-11-09T01:42:30.212+03:00  INFO 19952 --- [main] liquibase.command                        : Update command completed successfully.
2024-11-09T01:42:30.212+03:00  INFO 19952 --- [main] liquibase.ui                             : Liquibase: Update has been successful. Rows affected: 223
2024-11-09T01:42:30.219+03:00  INFO 19952 --- [main] liquibase.lockservice                    : Successfully released change log lock
2024-11-09T01:42:30.222+03:00  INFO 19952 --- [main] liquibase.command                        : Command execution complete
2024-11-09T01:42:30.368+03:00  INFO 19952 --- [main] o.hibernate.jpa.internal.util.LogHelper  : HHH000204: Processing PersistenceUnitInfo [name: default]
2024-11-09T01:42:30.461+03:00  INFO 19952 --- [main] org.hibernate.Version                    : HHH000412: Hibernate ORM core version 6.5.3.Final
2024-11-09T01:42:30.541+03:00  INFO 19952 --- [main] o.h.c.internal.RegionFactoryInitiator    : HHH000026: Second-level cache disabled
2024-11-09T01:42:31.000+03:00  INFO 19952 --- [main] o.s.o.j.p.SpringPersistenceUnitInfo      : No LoadTimeWeaver setup: ignoring JPA class transformer
2024-11-09T01:42:31.075+03:00  WARN 19952 --- [main] org.hibernate.orm.deprecation            : HHH90000025: PostgreSQLDialect does not need to be specified explicitly using 'hibernate.dialect' (remove the property setting and it will be selected by default)
2024-11-09T01:42:32.437+03:00  INFO 19952 --- [main] o.h.e.t.j.p.i.JtaPlatformInitiator       : HHH000489: No JTA platform available (set 'hibernate.transaction.jta.platform' to enable JTA platform integration)
2024-11-09T01:42:32.442+03:00  INFO 19952 --- [main] j.LocalContainerEntityManagerFactoryBean : Initialized JPA EntityManagerFactory for persistence unit 'default'
2024-11-09T01:42:33.003+03:00  INFO 19952 --- [main] o.s.d.j.r.query.QueryEnhancerFactory     : Hibernate is in classpath; If applicable, HQL parser will be used.
2024-11-09T01:42:33.322+03:00  WARN 19952 --- [main] JpaBaseConfiguration$JpaWebConfiguration : spring.jpa.open-in-view is enabled by default. Therefore, database queries may be performed during view rendering. Explicitly configure spring.jpa.open-in-view to disable this warning
2024-11-09T01:42:34.101+03:00  INFO 19952 --- [main] o.s.b.w.embedded.tomcat.TomcatWebServer  : Tomcat started on port 8081 (http) with context path '/'
2024-11-09T01:42:34.110+03:00  INFO 19952 --- [main] ru.clevertec.NewsServiceApplication      : Started NewsServiceApplication in 14.431 seconds (process running for 15.307)
2024-11-09T01:42:39.899+03:00  INFO 19952 --- [http-nio-8081-exec-1] o.a.c.c.C.[Tomcat].[localhost].[/]       : Initializing Spring DispatcherServlet 'dispatcherServlet'
2024-11-09T01:42:39.900+03:00  INFO 19952 --- [http-nio-8081-exec-1] o.s.web.servlet.DispatcherServlet        : Initializing Servlet 'dispatcherServlet'
2024-11-09T01:42:39.900+03:00  INFO 19952 --- [http-nio-8081-exec-1] o.s.web.servlet.DispatcherServlet        : Completed initialization in 0 ms
2024-11-09T01:42:39.964+03:00  INFO 19952 --- [http-nio-8081-exec-1] r.clevertec.common.aspect.LoggingAspect  : Entering Controller method: getNewsById with arguments: newsId: 12
2024-11-09T01:42:39.965+03:00  INFO 19952 --- [http-nio-8081-exec-1] r.clevertec.common.aspect.LoggingAspect  : Entering Service method: getNewsInfoById with arguments: newsId: 12
2024-11-09T01:42:39.966+03:00  INFO 19952 --- [http-nio-8081-exec-1] r.clevertec.common.aspect.LoggingAspect  : Entering Repository method: findById with arguments: id: 12
2024-11-09T01:42:41.240+03:00  INFO 19952 --- [http-nio-8081-exec-1] r.clevertec.common.aspect.LoggingAspect  : Exiting Repository method: findById with result: Optional[NewsEntity(id=12, time=2024-11-09T01:42:29.576394, title=Образование: дистанционное обучение становится нормой, text=Дистанционное обучение продолжает набирать популярность, и многие учебные заведения переходят на гибридные форматы обучения.)]
2024-11-09T01:42:41.278+03:00  INFO 19952 --- [http-nio-8081-exec-1] r.clevertec.common.aspect.LoggingAspect  : Exiting Service method: getNewsInfoById with result: NewsInfoDTO(id=12, time=2024-11-09T01:42:29.576394, title=Образование: дистанционное обучение становится нормой, text=Дистанционное обучение продолжает набирать популярность, и многие учебные заведения переходят на гибридные форматы обучения., commentsCount=10)
2024-11-09T01:42:41.278+03:00  INFO 19952 --- [http-nio-8081-exec-1] r.clevertec.common.aspect.LoggingAspect  : Exiting Controller method: getNewsById with result: NewsInfoDTO(id=12, time=2024-11-09T01:42:29.576394, title=Образование: дистанционное обучение становится нормой, text=Дистанционное обучение продолжает набирать популярность, и многие учебные заведения переходят на гибридные форматы обучения., commentsCount=10)
2024-11-09T01:42:42.488+03:00  INFO 19952 --- [http-nio-8081-exec-2] r.clevertec.common.aspect.LoggingAspect  : Entering Controller method: getNewsById with arguments: newsId: 12
2024-11-09T01:42:42.488+03:00  INFO 19952 --- [http-nio-8081-exec-2] r.clevertec.common.aspect.LoggingAspect  : Entering Service method: getNewsInfoById with arguments: newsId: 12
2024-11-09T01:42:42.488+03:00  INFO 19952 --- [http-nio-8081-exec-2] r.clevertec.common.aspect.LoggingAspect  : Exiting Service method: getNewsInfoById with result: NewsInfoDTO(id=12, time=2024-11-09T01:42:29.576394, title=Образование: дистанционное обучение становится нормой, text=Дистанционное обучение продолжает набирать популярность, и многие учебные заведения переходят на гибридные форматы обучения., commentsCount=10)
2024-11-09T01:42:42.489+03:00  INFO 19952 --- [http-nio-8081-exec-2] r.clevertec.common.aspect.LoggingAspect  : Exiting Controller method: getNewsById with result: NewsInfoDTO(id=12, time=2024-11-09T01:42:29.576394, title=Образование: дистанционное обучение становится нормой, text=Дистанционное обучение продолжает набирать популярность, и многие учебные заведения переходят на гибридные форматы обучения., commentsCount=10)
2024-11-09T01:42:43.804+03:00  INFO 19952 --- [http-nio-8081-exec-4] r.clevertec.common.aspect.LoggingAspect  : Entering Controller method: getNewsById with arguments: newsId: 12
2024-11-09T01:42:43.804+03:00  INFO 19952 --- [http-nio-8081-exec-4] r.clevertec.common.aspect.LoggingAspect  : Entering Service method: getNewsInfoById with arguments: newsId: 12
2024-11-09T01:42:43.804+03:00  INFO 19952 --- [http-nio-8081-exec-4] r.clevertec.common.aspect.LoggingAspect  : Exiting Service method: getNewsInfoById with result: NewsInfoDTO(id=12, time=2024-11-09T01:42:29.576394, title=Образование: дистанционное обучение становится нормой, text=Дистанционное обучение продолжает набирать популярность, и многие учебные заведения переходят на гибридные форматы обучения., commentsCount=10)
2024-11-09T01:42:43.804+03:00  INFO 19952 --- [http-nio-8081-exec-4] r.clevertec.common.aspect.LoggingAspect  : Exiting Controller method: getNewsById with result: NewsInfoDTO(id=12, time=2024-11-09T01:42:29.576394, title=Образование: дистанционное обучение становится нормой, text=Дистанционное обучение продолжает набирать популярность, и многие учебные заведения переходят на гибридные форматы обучения., commentsCount=10)
2024-11-09T01:42:48.048+03:00  INFO 19952 --- [http-nio-8081-exec-5] r.clevertec.common.aspect.LoggingAspect  : Entering Controller method: getNewsById with arguments: newsId: 13
2024-11-09T01:42:48.048+03:00  INFO 19952 --- [http-nio-8081-exec-5] r.clevertec.common.aspect.LoggingAspect  : Entering Service method: getNewsInfoById with arguments: newsId: 13
2024-11-09T01:42:48.048+03:00  INFO 19952 --- [http-nio-8081-exec-5] r.clevertec.common.aspect.LoggingAspect  : Entering Repository method: findById with arguments: id: 13
2024-11-09T01:42:48.053+03:00  INFO 19952 --- [http-nio-8081-exec-5] r.clevertec.common.aspect.LoggingAspect  : Exiting Repository method: findById with result: Optional[NewsEntity(id=13, time=2024-11-09T01:42:29.576394, title=Экология: борьба с пластиковыми отходами, text=Организации по охране окружающей среды запускают новые инициативы по сокращению пластиковых отходов и популяризации переработки.)]
2024-11-09T01:42:48.057+03:00  INFO 19952 --- [http-nio-8081-exec-5] r.clevertec.common.aspect.LoggingAspect  : Exiting Service method: getNewsInfoById with result: NewsInfoDTO(id=13, time=2024-11-09T01:42:29.576394, title=Экология: борьба с пластиковыми отходами, text=Организации по охране окружающей среды запускают новые инициативы по сокращению пластиковых отходов и популяризации переработки., commentsCount=10)
2024-11-09T01:42:48.058+03:00  INFO 19952 --- [http-nio-8081-exec-5] r.clevertec.common.aspect.LoggingAspect  : Exiting Controller method: getNewsById with result: NewsInfoDTO(id=13, time=2024-11-09T01:42:29.576394, title=Экология: борьба с пластиковыми отходами, text=Организации по охране окружающей среды запускают новые инициативы по сокращению пластиковых отходов и популяризации переработки., commentsCount=10)
2024-11-09T01:42:49.165+03:00  INFO 19952 --- [http-nio-8081-exec-6] r.clevertec.common.aspect.LoggingAspect  : Entering Controller method: getNewsById with arguments: newsId: 13
2024-11-09T01:42:49.165+03:00  INFO 19952 --- [http-nio-8081-exec-6] r.clevertec.common.aspect.LoggingAspect  : Entering Service method: getNewsInfoById with arguments: newsId: 13
2024-11-09T01:42:49.165+03:00  INFO 19952 --- [http-nio-8081-exec-6] r.clevertec.common.aspect.LoggingAspect  : Exiting Service method: getNewsInfoById with result: NewsInfoDTO(id=13, time=2024-11-09T01:42:29.576394, title=Экология: борьба с пластиковыми отходами, text=Организации по охране окружающей среды запускают новые инициативы по сокращению пластиковых отходов и популяризации переработки., commentsCount=10)
2024-11-09T01:42:49.165+03:00  INFO 19952 --- [http-nio-8081-exec-6] r.clevertec.common.aspect.LoggingAspect  : Exiting Controller method: getNewsById with result: NewsInfoDTO(id=13, time=2024-11-09T01:42:29.576394, title=Экология: борьба с пластиковыми отходами, text=Организации по охране окружающей среды запускают новые инициативы по сокращению пластиковых отходов и популяризации переработки., commentsCount=10)
2024-11-09T01:42:55.821+03:00  INFO 19952 --- [SpringApplicationShutdownHook] j.LocalContainerEntityManagerFactoryBean : Closing JPA EntityManagerFactory for persistence unit 'default'
2024-11-09T01:42:55.824+03:00  INFO 19952 --- [SpringApplicationShutdownHook] com.zaxxer.hikari.HikariDataSource       : HikariPool-1 - Shutdown initiated...
2024-11-09T01:42:55.827+03:00  INFO 19952 --- [SpringApplicationShutdownHook] com.zaxxer.hikari.HikariDataSource       : HikariPool-1 - Shutdown completed.
